Inspire Designer Console 10.0.84 Hotfix Production System
Net license (10.0.0.46)
Logged-in to server DTS002.
Opening workflow vcs://Designs/SP/PictureBoards_General.wfd  23.5.2018 16:03:14.343.
Status message 0881:Reading config file vcs://JobFiles/SP_Production_WWOP.job.
Status message 0884:Running module Production.
Warning 0704:Page selection depends on a variable, but no variable has been selected. Pages: Pages. (Make Pages)
Status message 0596:GetCustDetails: Imposition script preprocessing started.
Status message 0203:XML Data Input: Opening: \\DTS-DC1\Storefront\Production\180523_440336400\Order.440336400.ItemData.440205533.xml.
Status message 0597:GetCustDetails: Imposition script preprocessing finished.
Status message 0203:XML Data Input: Opening: \\DTS-DC1\Storefront\Production\180523_440336400\Order.440336400.ItemData.440205533.xml.
Status message 0045:Data opened (duration 0:00:00.031, records 1).
Status message 0007:Preprocessing started.
Status message 0008:Preprocessing finished (duration 0:00:00.015, sheets 1, tempsize 240).
Status message 0596:Xml: Imposition script preprocessing started.
Status message 0203:XML Data Input: Opening: \\DTS-DC1\Storefront\Production\180523_440336400\Order.440336400.ItemData.440205533.xml.
Status message 0597:Xml: Imposition script preprocessing finished.
Status message 0874:Creating output file '\\DTS-DC1\Storefront\Production\180523_440336400\012345672_THATERNXML.txt'. (AdvancedDataOutput111)
Status message 0875:Output file '\\DTS-DC1\Storefront\Production\180523_440336400\012345672_THATERNXML.txt' complete. (AdvancedDataOutput111)
Status message 0645:Job started (engine PDF, range 1-end, copies 1, file \\DTS-DC1\Storefront\Production\180523_440336400\OI-[012345672]-11-Stanton-Street-Seven Hills.pdf).
Warning 0036:Content of Flows.fl_CatchPhrase 1 1 too big to fit Pages.3x4P_1L3S.Catch Phrase (record:0, page:0)(Flow:Flows.fl_CatchPhrase 1 1[0]). (Make Pages)
Warning 7520:It's better to disable the 'Autorotate pages' option in the Workflow options when using Postscript or EPS file in Layout  'Pages.3x4P_1L3S.ImageArea 1'. (Make Pages)
Status message 0003:Job finished (duration 0:00:01.250, sheets 1, sheets/min 48.00).
Complete run time:   0:00:02.062.

Inspire Designer Console 10.0.84 Hotfix Production System
Net license (10.0.0.46)
Logged-in to server DTS002.
Opening workflow vcs://Designs/SP/PictureBoards_General.wfd  23.5.2018 16:03:17.014.
Status message 0881:Reading config file vcs://JobFiles/SP_Production_Json.job.
Status message 0884:Running module Outjson.
Warning 0704:Page selection depends on a variable, but no variable has been selected. Pages: Pages. (Make Pages)
Status message 0596:GetCustDetails: Imposition script preprocessing started.
Status message 0203:XML Data Input: Opening: \\DTS-DC1\Storefront\Production\180523_440336400\Order.440336400.ItemData.440205533.xml.
Status message 0597:GetCustDetails: Imposition script preprocessing finished.
Status message 0203:XML Data Input: Opening: \\DTS-DC1\Storefront\Production\180523_440336400\Order.440336400.ItemData.440205533.xml.
Status message 0045:Data opened (duration 0:00:00.031, records 1).
Status message 0007:Preprocessing started.
Status message 0008:Preprocessing finished (duration 0:00:00.000, sheets 1, tempsize 52).
Status message 0596:Json: Imposition script preprocessing started.
Status message 0203:XML Data Input: Opening: \\DTS-DC1\Storefront\Production\180523_440336400\Order.440336400.ItemData.440205533.xml.
Status message 0597:Json: Imposition script preprocessing finished.
Status message 0645:Job started (engine PDF, range 1-end, copies 1, file C:\.pdf).
Status message 0003:Job finished (duration 0:00:00.203, sheets 1, sheets/min 295.57).
Complete run time:   0:00:00.610.
